\BOOKMARK [0][-]{chapter.1}{\376\377\000I\000n\000t\000r\000o\000d\000u\000c\000t\000i\000o\000n}{}% 1
\BOOKMARK [1][-]{section.1.1}{\376\377\000P\000r\000o\000b\000l\000e\000m\000\040\000s\000t\000a\000t\000e\000m\000e\000n\000t}{chapter.1}% 2
\BOOKMARK [1][-]{section.1.2}{\376\377\000C\000o\000n\000t\000r\000i\000b\000u\000t\000i\000o\000n\000s}{chapter.1}% 3
\BOOKMARK [1][-]{section.1.3}{\376\377\000R\000e\000s\000e\000a\000r\000c\000h\000\040\000q\000u\000e\000s\000t\000i\000o\000n\000s}{chapter.1}% 4
\BOOKMARK [1][-]{section.1.4}{\376\377\000O\000r\000g\000a\000n\000i\000z\000a\000t\000i\000o\000n}{chapter.1}% 5
\BOOKMARK [0][-]{chapter.2}{\376\377\000B\000a\000c\000k\000g\000r\000o\000u\000n\000d}{}% 6
\BOOKMARK [1][-]{section.2.1}{\376\377\000W\000e\000b\000R\000T\000C\000\040\000a\000r\000c\000h\000i\000t\000e\000c\000t\000u\000r\000e}{chapter.2}% 7
\BOOKMARK [2][-]{subsection.2.1.1}{\376\377\000R\000e\000a\000l\000-\000\040\000t\000i\000m\000e\000\040\000c\000o\000m\000m\000u\000n\000i\000c\000a\000t\000i\000o\000n}{section.2.1}% 8
\BOOKMARK [2][-]{subsection.2.1.2}{\376\377\000S\000t\000a\000n\000d\000a\000r\000d\000i\000z\000a\000t\000i\000o\000n}{section.2.1}% 9
\BOOKMARK [2][-]{subsection.2.1.3}{\376\377\000P\000r\000o\000t\000o\000c\000o\000l\000\040\000S\000t\000a\000c\000k}{section.2.1}% 10
\BOOKMARK [2][-]{subsection.2.1.4}{\376\377\000U\000s\000e\000r\000\040\000A\000P\000I}{section.2.1}% 11
\BOOKMARK [2][-]{subsection.2.1.5}{\376\377\000S\000i\000g\000n\000a\000l\000l\000i\000n\000g}{section.2.1}% 12
\BOOKMARK [2][-]{subsection.2.1.6}{\376\377\000E\000n\000c\000r\000y\000p\000t\000i\000o\000n}{section.2.1}% 13
\BOOKMARK [2][-]{subsection.2.1.7}{\376\377\000U\000s\000a\000g\000e}{section.2.1}% 14
\BOOKMARK [2][-]{subsection.2.1.8}{\376\377\000B\000r\000o\000w\000s\000e\000r\000\040\000e\000n\000g\000i\000n\000e}{section.2.1}% 15
\BOOKMARK [1][-]{section.2.2}{\376\377\000T\000r\000a\000n\000s\000p\000o\000r\000t\000\040\000p\000r\000o\000t\000o\000c\000o\000l\000s}{chapter.2}% 16
\BOOKMARK [2][-]{subsection.2.2.1}{\376\377\000T\000C\000P}{section.2.2}% 17
\BOOKMARK [2][-]{subsection.2.2.2}{\376\377\000U\000D\000P}{section.2.2}% 18
\BOOKMARK [2][-]{subsection.2.2.3}{\376\377\000R\000T\000P\000\040\000a\000n\000d\000\040\000R\000T\000C\000P}{section.2.2}% 19
\BOOKMARK [2][-]{subsection.2.2.4}{\376\377\000S\000C\000T\000P}{section.2.2}% 20
\BOOKMARK [1][-]{section.2.3}{\376\377\000C\000o\000n\000g\000e\000s\000t\000i\000o\000n\000\040\000c\000o\000n\000t\000r\000o\000l}{chapter.2}% 21
\BOOKMARK [2][-]{subsection.2.3.1}{\376\377\000L\000o\000s\000s\000-\000\040\000b\000a\000s\000e\000d\000\040\000c\000o\000n\000g\000e\000s\000t\000i\000o\000n\000\040\000c\000o\000n\000t\000r\000o\000l}{section.2.3}% 22
\BOOKMARK [2][-]{subsection.2.3.2}{\376\377\000D\000e\000l\000a\000y\000-\000\040\000b\000a\000s\000e\000d\000\040\000c\000o\000n\000g\000e\000s\000t\000i\000o\000n\000\040\000c\000o\000n\000t\000r\000o\000l}{section.2.3}% 23
\BOOKMARK [2][-]{subsection.2.3.3}{\376\377\000E\000C\000N}{section.2.3}% 24
\BOOKMARK [1][-]{section.2.4}{\376\377\000W\000e\000b\000R\000T\000C\000\040\000C\000o\000n\000g\000e\000s\000t\000i\000o\000n\000\040\000c\000o\000n\000t\000r\000o\000l\000s}{chapter.2}% 25
\BOOKMARK [2][-]{subsection.2.4.1}{\376\377\000G\000o\000o\000g\000l\000e\000\040\000C\000o\000n\000g\000e\000s\000t\000i\000o\000n\000\040\000C\000o\000n\000t\000r\000o\000l}{section.2.4}% 26
\BOOKMARK [2][-]{subsection.2.4.2}{\376\377\000N\000A\000D\000A}{section.2.4}% 27
\BOOKMARK [2][-]{subsection.2.4.3}{\376\377\000S\000C\000R\000e\000A\000M}{section.2.4}% 28
\BOOKMARK [1][-]{section.2.5}{\376\377\000C\000o\000u\000p\000l\000e\000d\000\040\000C\000o\000n\000g\000e\000s\000t\000i\000o\000n\000\040\000C\000o\000n\000t\000r\000o\000l}{chapter.2}% 29
\BOOKMARK [2][-]{subsection.2.5.1}{\376\377\000P\000r\000o\000b\000l\000e\000m\000s\000\040\000w\000i\000t\000h\000\040\000c\000o\000m\000b\000i\000n\000e\000d\000\040\000c\000o\000n\000t\000r\000o\000l\000s}{section.2.5}% 30
\BOOKMARK [2][-]{subsection.2.5.2}{\376\377\000T\000h\000e\000\040\000F\000l\000o\000w\000\040\000S\000t\000a\000t\000e\000\040\000E\000x\000c\000h\000a\000n\000g\000e}{section.2.5}% 31
\BOOKMARK [2][-]{subsection.2.5.3}{\376\377\000A\000c\000t\000i\000v\000e\000\040\000F\000S\000E}{section.2.5}% 32
\BOOKMARK [1][-]{section.2.6}{\376\377\000S\000h\000a\000r\000e\000d\000\040\000B\000o\000t\000t\000l\000e\000n\000e\000c\000k\000\040\000D\000e\000t\000e\000c\000t\000i\000o\000n}{chapter.2}% 33
\BOOKMARK [2][-]{subsection.2.6.1}{\376\377\000M\000u\000l\000t\000i\000p\000l\000e\000x\000e\000d\000\040\000f\000l\000o\000w\000s}{section.2.6}% 34
\BOOKMARK [2][-]{subsection.2.6.2}{\376\377\000M\000e\000a\000s\000u\000r\000e\000m\000e\000n\000t}{section.2.6}% 35
\BOOKMARK [2][-]{subsection.2.6.3}{\376\377\000C\000o\000n\000f\000i\000g\000u\000r\000a\000t\000i\000o\000n}{section.2.6}% 36
\BOOKMARK [0][-]{chapter.3}{\376\377\000D\000e\000s\000i\000g\000n}{}% 37
\BOOKMARK [1][-]{section.3.1}{\376\377\000A\000c\000t\000i\000v\000e\000\040\000F\000S\000E\000\040\000a\000l\000g\000o\000r\000i\000t\000h\000m}{chapter.3}% 38
\BOOKMARK [0][-]{chapter.4}{\376\377\000I\000m\000p\000l\000e\000m\000e\000n\000t\000a\000t\000i\000o\000n}{}% 39
\BOOKMARK [1][-]{section.4.1}{\376\377\000M\000a\000n\000a\000g\000e\000r}{chapter.4}% 40
\BOOKMARK [1][-]{section.4.2}{\376\377\000S\000y\000s\000t\000e\000m\000\040\000A\000r\000c\000h\000i\000t\000e\000c\000t\000u\000r\000e}{chapter.4}% 41
\BOOKMARK [0][-]{chapter.5}{\376\377\000E\000v\000a\000l\000u\000a\000t\000i\000o\000n}{}% 42
\BOOKMARK [1][-]{section.5.1}{\376\377\000T\000e\000s\000t\000b\000e\000d}{chapter.5}% 43
\BOOKMARK [1][-]{section.5.2}{\376\377\000E\000x\000p\000e\000r\000i\000m\000e\000n\000t\000s}{chapter.5}% 44
\BOOKMARK [0][-]{chapter.6}{\376\377\000C\000o\000n\000c\000l\000u\000s\000i\000o\000n}{}% 45
\BOOKMARK [1][-]{section.6.1}{\376\377\000R\000e\000s\000e\000a\000r\000c\000h\000\040\000F\000i\000n\000d\000i\000n\000g\000s}{chapter.6}% 46
\BOOKMARK [1][-]{section.6.2}{\376\377\000F\000u\000r\000t\000h\000e\000r\000\040\000w\000o\000r\000k}{chapter.6}% 47
\BOOKMARK [1][-]{section.6.3}{\376\377\000C\000l\000o\000s\000i\000n\000g\000\040\000r\000e\000m\000a\000r\000k\000s}{chapter.6}% 48
